<?xml version="1.0" encoding="UTF-8"?>
<!-- Generated by org.testng.reporters.JUnitReportReporter -->
<testsuite hostname="DESKTOP-RV4J6LG" failures="0" tests="1" name="api.test.UserTests" time="4.305" errors="0" timestamp="2024-01-21T19:35:41 IST" skipped="0">
  <testcase classname="api.test.UserTests" name="testPostUser" time="4.305"/>
  <system-out/>
</testsuite> <!-- api.test.UserTests -->
